================================================================================
EDEN API GATEWAY AUTO-UPDATE INTEGRATION - DEPLOYMENT LOG
================================================================================
Deployment Date: 2025-11-10T17:11:08Z
Status: ✅ SUCCESSFUL - FULLY OPERATIONAL

================================================================================
OVERVIEW
================================================================================
This deployment adds full automation to update the Eden API Gateway integration
target IP whenever the ECS task restarts or scales. The system uses EventBridge
to detect ECS task state changes and triggers a Lambda function that fetches the
new task IP and updates the API Gateway integration automatically.

================================================================================
INFRASTRUCTURE COMPONENTS
================================================================================

1. ECS CLUSTER & SERVICE
   - Cluster ARN: arn:aws:ecs:us-east-1:437473173182:cluster/prod-eden-cluster
   - Service ARN: arn:aws:ecs:us-east-1:437473173182:service/prod-eden-cluster/prod-eden-service
   - Task Definition: prod-eden-api:1
   - Container: eden-api
   - Image: 437473173182.dkr.ecr.us-east-1.amazonaws.com/eden-trading-api:latest

2. API GATEWAY V2 (HTTP API)
   - API Name: eden-http-api
   - API ID: mstqazdmha
   - API Endpoint: https://mstqazdmha.execute-api.us-east-1.amazonaws.com
   - Integration ID: lvgs4qf
   - Integration Type: HTTP_PROXY
   - Current Integration URI: http://3.235.151.216:8000/{proxy}

3. LAMBDA FUNCTION
   - Function Name: eden-api-gateway-updater
   - Function ARN: arn:aws:lambda:us-east-1:437473173182:function:eden-api-gateway-updater
   - Runtime: python3.11
   - Handler: update_api_gateway.lambda_handler
   - Timeout: 30 seconds
   - Memory: 128 MB
   - Log Group: /aws/lambda/eden-api-gateway-updater
   
   Environment Variables:
   - API_GATEWAY_ID: mstqazdmha
   - INTEGRATION_ID: lvgs4qf
   - ECS_CLUSTER: prod-eden-cluster
   - ECS_SERVICE: prod-eden-service
   - BACKEND_PORT: 8000

4. IAM ROLE & POLICIES
   - Role Name: eden-api-gateway-updater-role
   - Role ARN: arn:aws:iam::437473173182:role/eden-api-gateway-updater-role
   - Policy Name: eden-api-gateway-updater-policy
   
   Permissions:
   - CloudWatch Logs: CreateLogGroup, CreateLogStream, PutLogEvents
   - ECS: ListTasks, DescribeTasks
   - EC2: DescribeNetworkInterfaces
   - API Gateway: GET, PATCH, PUT (for integrations)

5. EVENTBRIDGE RULE
   - Rule Name: eden-ecs-task-state-change
   - Rule ARN: arn:aws:events:us-east-1:437473173182:rule/eden-ecs-task-state-change
   - State: ENABLED
   - Description: Trigger Lambda when Eden ECS task state changes
   
   Event Pattern:
   - Source: aws.ecs
   - Detail Type: ECS Task State Change
   - Cluster: prod-eden-cluster
   - Last Status: RUNNING, STOPPED
   
   Target:
   - Lambda ARN: arn:aws:lambda:us-east-1:437473173182:function:eden-api-gateway-updater

================================================================================
DEPLOYMENT ARTIFACTS
================================================================================

Lambda Function Code:
- Source: C:\Users\Sal\OneDrive - ZCAS University\Eden\lambda\update_api_gateway.py
- Package: C:\Users\Sal\OneDrive - ZCAS University\Eden\lambda\function.zip

Configuration Files:
- Trust Policy: C:\Users\Sal\OneDrive - ZCAS University\Eden\lambda\lambda-trust-policy.json
- Permissions Policy: C:\Users\Sal\OneDrive - ZCAS University\Eden\lambda\lambda-permissions-policy.json
- EventBridge Pattern: C:\Users\Sal\OneDrive - ZCAS University\Eden\lambda\eventbridge-pattern.json

================================================================================
TESTING RESULTS
================================================================================

Test Execution: 2025-11-10T17:18:06Z
Test Method: Stopped ECS task 30c7578c018549bebd9c7adc93b93b61
Expected Behavior: ECS service starts new task, Lambda detects RUNNING state, 
                   fetches new IP, updates API Gateway integration

✅ TEST RESULTS: PASSED

Old Task:
- Task ARN: arn:aws:ecs:us-east-1:437473173182:task/prod-eden-cluster/30c7578c018549bebd9c7adc93b93b61
- Public IP: 44.201.65.240
- Status: STOPPED (reason: "Testing auto-update automation")

New Task:
- Task ARN: arn:aws:ecs:us-east-1:437473173182:task/prod-eden-cluster/a18cd392686f4b0e950ecc8a3d3918dd
- Public IP: 3.235.151.216
- Status: RUNNING
- ENI: eni-0e6fb07c6e59526d8

Lambda Execution Results:
1. First invocation (STOPPED event): Correctly skipped update
2. Second invocation (RUNNING event): Successfully updated integration
   - Detected new task with IP: 3.235.151.216
   - Updated integration URI: http://3.235.151.216:8000/{proxy}
   - CloudWatch logs: "✅ API Gateway integration updated successfully"

API Gateway Verification:
- Integration ID: lvgs4qf
- New URI: http://3.235.151.216:8000/{proxy}
- Update confirmed via AWS CLI

================================================================================
FUNCTIONALITY
================================================================================

The Lambda function performs the following actions:

1. Receives ECS Task State Change events from EventBridge
2. Filters for RUNNING status (skips STOPPED, PROVISIONING, etc.)
3. Queries ECS for the latest running task in prod-eden-service
4. Extracts the ENI (Elastic Network Interface) ID from task attachments
5. Queries EC2 for the ENI details to get the public IP address
6. Updates the API Gateway V2 integration URI with the new IP
7. Logs all actions and results to CloudWatch Logs

Error Handling:
- Gracefully handles missing tasks
- Validates cluster and service names
- Catches and logs all exceptions
- Returns appropriate status codes

Logging:
- All executions logged to CloudWatch: /aws/lambda/eden-api-gateway-updater
- Logs include: task ARN, ENI ID, public IP, integration URI changes
- Success/failure markers for easy monitoring

================================================================================
OPERATIONAL NOTES
================================================================================

Automatic Triggers:
- ECS task restarts (service updates, deployments, health checks)
- ECS task scaling events
- Manual task stop/start operations
- Task failures and replacements

Monitoring:
- CloudWatch Logs: /aws/lambda/eden-api-gateway-updater
- Lambda metrics: Invocations, Errors, Duration
- EventBridge rule metrics: TriggeredRules, Invocations

Timeout Configuration:
- Lambda timeout: 30 seconds (sufficient for API calls)
- API Gateway integration timeout: 29 seconds

Security:
- Lambda uses IAM role with least-privilege permissions
- No hardcoded credentials in code
- All sensitive data passed via environment variables
- EventBridge permissions scoped to specific rule ARN

================================================================================
MAINTENANCE & TROUBLESHOOTING
================================================================================

To manually test the Lambda:
aws lambda invoke --function-name eden-api-gateway-updater \
  --region us-east-1 \
  --payload '{"detail":{"lastStatus":"RUNNING","clusterArn":"arn:aws:ecs:us-east-1:437473173182:cluster/prod-eden-cluster"}}' \
  response.json

To view recent logs:
aws logs tail /aws/lambda/eden-api-gateway-updater --since 10m --region us-east-1

To verify current integration:
aws apigatewayv2 get-integration --api-id mstqazdmha --integration-id lvgs4qf --region us-east-1

To check EventBridge rule status:
aws events describe-rule --name eden-ecs-task-state-change --region us-east-1

Common Issues:
1. Lambda fails to find task: Check ECS service name and cluster name in env vars
2. No public IP found: Verify task has public IP assigned in networking config
3. API Gateway update fails: Verify IAM permissions include apigateway:PATCH

================================================================================
VERSION CONTROL
================================================================================

Git Tag: eden-autoupdate-api-integration
Repository: Eden Trading Platform
Branch: (current working branch)

Files Added:
- lambda/update_api_gateway.py
- lambda/lambda-trust-policy.json
- lambda/lambda-permissions-policy.json
- lambda/eventbridge-pattern.json
- lambda/function.zip
- logs/aws_autoupdate_integration.log

================================================================================
PRODUCTION READINESS
================================================================================

✅ EventBridge rule created and enabled
✅ Lambda deployed with correct permissions
✅ IAM role configured with least privilege
✅ Auto-update tested and verified working
✅ CloudWatch Logs active and monitoring
✅ Integration updates automatically on task restart
✅ Error handling and logging implemented
✅ No manual intervention required for task restarts

STATUS: READY FOR PRODUCTION USE

The Eden API Gateway will now automatically update its integration target
whenever the ECS task IP changes due to restarts, scaling, or deployments.

================================================================================
END OF DEPLOYMENT LOG
================================================================================
